* installing *source* package ‘mrgsolve’ ...
** package ‘mrgsolve’ successfully unpacked and MD5 sums checked
** libs
g++ -fsanitize=address,undefined,bounds-strict -fno-omit-frame-pointer -fno-sanitize=object-size,vptr  -I/usr/local/lib/R/include -DNDEBUG -I../inst/include -I"/mnt/Rlibs/Rcpp/include" -I"/mnt/Rlibs/RcppArmadillo/include" -I"/mnt/Rlibs/BH/include" -I/usr/local/include   -fpic  -pipe -Wall -pedantic -O2 -mtune=native  -c RcppExports.cpp -o RcppExports.o
g++ -fsanitize=address,undefined,bounds-strict -fno-omit-frame-pointer -fno-sanitize=object-size,vptr  -I/usr/local/lib/R/include -DNDEBUG -I../inst/include -I"/mnt/Rlibs/Rcpp/include" -I"/mnt/Rlibs/RcppArmadillo/include" -I"/mnt/Rlibs/BH/include" -I/usr/local/include   -fpic  -pipe -Wall -pedantic -O2 -mtune=native  -c dataobject.cpp -o dataobject.o
g++ -fsanitize=address,undefined,bounds-strict -fno-omit-frame-pointer -fno-sanitize=object-size,vptr  -I/usr/local/lib/R/include -DNDEBUG -I../inst/include -I"/mnt/Rlibs/Rcpp/include" -I"/mnt/Rlibs/RcppArmadillo/include" -I"/mnt/Rlibs/BH/include" -I/usr/local/include   -fpic  -pipe -Wall -pedantic -O2 -mtune=native  -c datarecord.cpp -o datarecord.o
g++ -fsanitize=address,undefined,bounds-strict -fno-omit-frame-pointer -fno-sanitize=object-size,vptr  -I/usr/local/lib/R/include -DNDEBUG -I../inst/include -I"/mnt/Rlibs/Rcpp/include" -I"/mnt/Rlibs/RcppArmadillo/include" -I"/mnt/Rlibs/BH/include" -I/usr/local/include   -fpic  -pipe -Wall -pedantic -O2 -mtune=native  -c devtran.cpp -o devtran.o
g++ -fsanitize=address,undefined,bounds-strict -fno-omit-frame-pointer -fno-sanitize=object-size,vptr  -I/usr/local/lib/R/include -DNDEBUG -I../inst/include -I"/mnt/Rlibs/Rcpp/include" -I"/mnt/Rlibs/RcppArmadillo/include" -I"/mnt/Rlibs/BH/include" -I/usr/local/include   -fpic  -pipe -Wall -pedantic -O2 -mtune=native  -c housemodel-mread-source.cpp -o housemodel-mread-source.o
g++ -fsanitize=address,undefined,bounds-strict -fno-omit-frame-pointer -fno-sanitize=object-size,vptr  -I/usr/local/lib/R/include -DNDEBUG -I../inst/include -I"/mnt/Rlibs/Rcpp/include" -I"/mnt/Rlibs/RcppArmadillo/include" -I"/mnt/Rlibs/BH/include" -I/usr/local/include   -fpic  -pipe -Wall -pedantic -O2 -mtune=native  -c mrgsolve.cpp -o mrgsolve.o
g++ -fsanitize=address,undefined,bounds-strict -fno-omit-frame-pointer -fno-sanitize=object-size,vptr  -I/usr/local/lib/R/include -DNDEBUG -I../inst/include -I"/mnt/Rlibs/Rcpp/include" -I"/mnt/Rlibs/RcppArmadillo/include" -I"/mnt/Rlibs/BH/include" -I/usr/local/include   -fpic  -pipe -Wall -pedantic -O2 -mtune=native  -c mrgsolve_init.cpp -o mrgsolve_init.o
g++ -fsanitize=address,undefined,bounds-strict -fno-omit-frame-pointer -fno-sanitize=object-size,vptr  -I/usr/local/lib/R/include -DNDEBUG -I../inst/include -I"/mnt/Rlibs/Rcpp/include" -I"/mnt/Rlibs/RcppArmadillo/include" -I"/mnt/Rlibs/BH/include" -I/usr/local/include   -fpic  -pipe -Wall -pedantic -O2 -mtune=native  -c odepack_dlsoda.cpp -o odepack_dlsoda.o
g++ -fsanitize=address,undefined,bounds-strict -fno-omit-frame-pointer -fno-sanitize=object-size,vptr  -I/usr/local/lib/R/include -DNDEBUG -I../inst/include -I"/mnt/Rlibs/Rcpp/include" -I"/mnt/Rlibs/RcppArmadillo/include" -I"/mnt/Rlibs/BH/include" -I/usr/local/include   -fpic  -pipe -Wall -pedantic -O2 -mtune=native  -c odeproblem.cpp -o odeproblem.o
gfortran   -fpic  -pipe -O2 -mtune=native  -c opk_dlsoda_mrg.f -o opk_dlsoda_mrg.o
gfortran   -fpic  -pipe -O2 -mtune=native  -c opkda1_mrg.f -o opkda1_mrg.o
gfortran   -fpic  -pipe -O2 -mtune=native  -c opkda2_mrg.f -o opkda2_mrg.o
g++ -fsanitize=address,undefined,bounds-strict -fno-omit-frame-pointer -fno-sanitize=object-size,vptr  -I/usr/local/lib/R/include -DNDEBUG -I../inst/include -I"/mnt/Rlibs/Rcpp/include" -I"/mnt/Rlibs/RcppArmadillo/include" -I"/mnt/Rlibs/BH/include" -I/usr/local/include   -fpic  -pipe -Wall -pedantic -O2 -mtune=native  -c quick.cpp -o quick.o
g++ -fsanitize=address,undefined,bounds-strict -fno-omit-frame-pointer -fno-sanitize=object-size,vptr -shared -L/usr/local/lib/R/lib -L/usr/local/lib -o mrgsolve.so RcppExports.o dataobject.o datarecord.o devtran.o housemodel-mread-source.o mrgsolve.o mrgsolve_init.o odepack_dlsoda.o odeproblem.o opk_dlsoda_mrg.o opkda1_mrg.o opkda2_mrg.o quick.o -L/usr/local/lib/R/lib -lRlapack -L/usr/local/lib/R/lib -lRblas -lgfortran -lm -lquadmath -lgfortran -lm -lquadmath -L/usr/local/lib/R/lib -lR
installing to /mnt/mrgsolve.Rcheck/mrgsolve/libs
** R
** data
** inst
** preparing package for lazy loading
Creating a generic function for ‘nrow’ from package ‘base’ in package ‘mrgsolve’
Creating a new generic function for ‘rename’ in package ‘mrgsolve’
** help
*** installing help indices
** building package indices
** testing if installed package can be loaded
* DONE (mrgsolve)
